{"D:\\CursoReact\\rest_api_node_ts_server\\src\\router.ts": {"path":"D:\\CursoReact\\rest_api_node_ts_server\\src\\router.ts","statementMap":{"0":{"start":{"line":1,"column":0},"end":{"line":1,"column":30}},"1":{"start":{"line":2,"column":0},"end":{"line":2,"column":45}},"2":{"start":{"line":3,"column":0},"end":{"line":3,"column":129}},"3":{"start":{"line":4,"column":0},"end":{"line":4,"column":48}},"4":{"start":{"line":6,"column":15},"end":{"line":6,"column":23}},"5":{"start":{"line":9,"column":0},"end":{"line":9,"column":null}},"6":{"start":{"line":11,"column":0},"end":{"line":16,"column":null}},"7":{"start":{"line":18,"column":0},"end":{"line":28,"column":null}},"8":{"start":{"line":25,"column":26},"end":{"line":25,"column":35}},"9":{"start":{"line":30,"column":0},"end":{"line":43,"column":null}},"10":{"start":{"line":38,"column":26},"end":{"line":38,"column":35}},"11":{"start":{"line":45,"column":0},"end":{"line":50,"column":null}},"12":{"start":{"line":52,"column":0},"end":{"line":57,"column":null}},"13":{"start":{"line":59,"column":0},"end":{"line":59,"column":null}}},"fnMap":{"0":{"name":"(anonymous_0)","decl":{"start":{"line":25,"column":17},"end":{"line":25,"column":22}},"loc":{"start":{"line":25,"column":26},"end":{"line":25,"column":35}}},"1":{"name":"(anonymous_1)","decl":{"start":{"line":38,"column":17},"end":{"line":38,"column":22}},"loc":{"start":{"line":38,"column":26},"end":{"line":38,"column":35}}}},"branchMap":{},"s":{"0":2,"1":2,"2":2,"3":2,"4":2,"5":2,"6":2,"7":2,"8":4,"9":2,"10":5,"11":2,"12":2,"13":2},"f":{"0":4,"1":5},"b":{}}
,"D:\\CursoReact\\rest_api_node_ts_server\\src\\server.ts": {"path":"D:\\CursoReact\\rest_api_node_ts_server\\src\\server.ts","statementMap":{"0":{"start":{"line":7,"column":0},"end":{"line":7,"column":7}},"1":{"start":{"line":1,"column":0},"end":{"line":1,"column":29}},"2":{"start":{"line":2,"column":0},"end":{"line":2,"column":29}},"3":{"start":{"line":3,"column":0},"end":{"line":3,"column":28}},"4":{"start":{"line":4,"column":0},"end":{"line":4,"column":27}},"5":{"start":{"line":8,"column":4},"end":{"line":15,"column":5}},"6":{"start":{"line":9,"column":8},"end":{"line":9,"column":null}},"7":{"start":{"line":10,"column":8},"end":{"line":10,"column":null}},"8":{"start":{"line":13,"column":8},"end":{"line":13,"column":null}},"9":{"start":{"line":14,"column":8},"end":{"line":14,"column":null}},"10":{"start":{"line":17,"column":0},"end":{"line":17,"column":null}},"11":{"start":{"line":20,"column":15},"end":{"line":20,"column":24}},"12":{"start":{"line":23,"column":0},"end":{"line":23,"column":null}},"13":{"start":{"line":25,"column":0},"end":{"line":25,"column":null}},"14":{"start":{"line":28,"column":0},"end":{"line":30,"column":null}},"15":{"start":{"line":29,"column":4},"end":{"line":29,"column":null}},"16":{"start":{"line":32,"column":0},"end":{"line":32,"column":null}}},"fnMap":{"0":{"name":"connectDB","decl":{"start":{"line":7,"column":22},"end":{"line":7,"column":31}},"loc":{"start":{"line":7,"column":31},"end":{"line":16,"column":1}}},"1":{"name":"(anonymous_2)","decl":{"start":{"line":28,"column":19},"end":{"line":28,"column":20}},"loc":{"start":{"line":28,"column":31},"end":{"line":30,"column":1}}}},"branchMap":{},"s":{"0":2,"1":2,"2":2,"3":2,"4":2,"5":3,"6":3,"7":1,"8":1,"9":1,"10":2,"11":2,"12":2,"13":2,"14":2,"15":1,"16":2},"f":{"0":3,"1":1},"b":{}}
,"D:\\CursoReact\\rest_api_node_ts_server\\src\\config\\db.ts": {"path":"D:\\CursoReact\\rest_api_node_ts_server\\src\\config\\db.ts","statementMap":{"0":{"start":{"line":1,"column":0},"end":{"line":1,"column":46}},"1":{"start":{"line":2,"column":0},"end":{"line":2,"column":27}},"2":{"start":{"line":4,"column":0},"end":{"line":4,"column":null}},"3":{"start":{"line":6,"column":11},"end":{"line":9,"column":2}},"4":{"start":{"line":11,"column":0},"end":{"line":11,"column":null}}},"fnMap":{},"branchMap":{},"s":{"0":2,"1":2,"2":2,"3":2,"4":2},"f":{},"b":{}}
,"D:\\CursoReact\\rest_api_node_ts_server\\src\\handlers\\product.ts": {"path":"D:\\CursoReact\\rest_api_node_ts_server\\src\\handlers\\product.ts","statementMap":{"0":{"start":{"line":2,"column":0},"end":{"line":2,"column":45}},"1":{"start":{"line":5,"column":27},"end":{"line":12,"column":1}},"2":{"start":{"line":6,"column":21},"end":{"line":10,"column":6}},"3":{"start":{"line":11,"column":4},"end":{"line":11,"column":null}},"4":{"start":{"line":5,"column":13},"end":{"line":5,"column":27}},"5":{"start":{"line":14,"column":30},"end":{"line":19,"column":1}},"6":{"start":{"line":15,"column":20},"end":{"line":15,"column":49}},"7":{"start":{"line":16,"column":4},"end":{"line":16,"column":24}},"8":{"start":{"line":16,"column":18},"end":{"line":16,"column":24}},"9":{"start":{"line":18,"column":4},"end":{"line":18,"column":null}},"10":{"start":{"line":14,"column":13},"end":{"line":14,"column":30}},"11":{"start":{"line":21,"column":29},"end":{"line":24,"column":1}},"12":{"start":{"line":22,"column":20},"end":{"line":22,"column":50}},"13":{"start":{"line":23,"column":4},"end":{"line":23,"column":null}},"14":{"start":{"line":21,"column":13},"end":{"line":21,"column":29}},"15":{"start":{"line":26,"column":29},"end":{"line":35,"column":1}},"16":{"start":{"line":27,"column":20},"end":{"line":27,"column":49}},"17":{"start":{"line":28,"column":4},"end":{"line":28,"column":24}},"18":{"start":{"line":28,"column":18},"end":{"line":28,"column":24}},"19":{"start":{"line":31,"column":4},"end":{"line":31,"column":null}},"20":{"start":{"line":32,"column":4},"end":{"line":32,"column":null}},"21":{"start":{"line":34,"column":4},"end":{"line":34,"column":null}},"22":{"start":{"line":26,"column":13},"end":{"line":26,"column":29}},"23":{"start":{"line":37,"column":34},"end":{"line":47,"column":1}},"24":{"start":{"line":38,"column":20},"end":{"line":38,"column":49}},"25":{"start":{"line":39,"column":4},"end":{"line":39,"column":24}},"26":{"start":{"line":39,"column":18},"end":{"line":39,"column":24}},"27":{"start":{"line":42,"column":4},"end":{"line":42,"column":null}},"28":{"start":{"line":44,"column":4},"end":{"line":44,"column":null}},"29":{"start":{"line":46,"column":4},"end":{"line":46,"column":null}},"30":{"start":{"line":37,"column":13},"end":{"line":37,"column":34}},"31":{"start":{"line":49,"column":29},"end":{"line":56,"column":1}},"32":{"start":{"line":50,"column":20},"end":{"line":50,"column":49}},"33":{"start":{"line":51,"column":4},"end":{"line":51,"column":24}},"34":{"start":{"line":51,"column":18},"end":{"line":51,"column":24}},"35":{"start":{"line":53,"column":4},"end":{"line":53,"column":null}},"36":{"start":{"line":55,"column":4},"end":{"line":55,"column":null}},"37":{"start":{"line":49,"column":13},"end":{"line":49,"column":29}},"38":{"start":{"line":59,"column":20},"end":{"line":59,"column":57}},"39":{"start":{"line":61,"column":4},"end":{"line":66,"column":5}},"40":{"start":{"line":62,"column":8},"end":{"line":64,"column":null}},"41":{"start":{"line":65,"column":8},"end":{"line":65,"column":null}},"42":{"start":{"line":68,"column":4},"end":{"line":68,"column":null}}},"fnMap":{"0":{"name":"(anonymous_1)","decl":{"start":{"line":5,"column":27},"end":{"line":5,"column":32}},"loc":{"start":{"line":5,"column":65},"end":{"line":12,"column":1}}},"1":{"name":"(anonymous_2)","decl":{"start":{"line":14,"column":30},"end":{"line":14,"column":35}},"loc":{"start":{"line":14,"column":68},"end":{"line":19,"column":1}}},"2":{"name":"(anonymous_3)","decl":{"start":{"line":21,"column":29},"end":{"line":21,"column":34}},"loc":{"start":{"line":21,"column":67},"end":{"line":24,"column":1}}},"3":{"name":"(anonymous_4)","decl":{"start":{"line":26,"column":29},"end":{"line":26,"column":34}},"loc":{"start":{"line":26,"column":67},"end":{"line":35,"column":1}}},"4":{"name":"(anonymous_5)","decl":{"start":{"line":37,"column":34},"end":{"line":37,"column":39}},"loc":{"start":{"line":37,"column":72},"end":{"line":47,"column":1}}},"5":{"name":"(anonymous_6)","decl":{"start":{"line":49,"column":29},"end":{"line":49,"column":34}},"loc":{"start":{"line":49,"column":67},"end":{"line":56,"column":1}}},"6":{"name":"searchProduct","decl":{"start":{"line":58,"column":15},"end":{"line":58,"column":28}},"loc":{"start":{"line":58,"column":56},"end":{"line":69,"column":1}}}},"branchMap":{"0":{"loc":{"start":{"line":16,"column":4},"end":{"line":16,"column":24}},"type":"if","locations":[{"start":{"line":16,"column":4},"end":{"line":16,"column":24}}]},"1":{"loc":{"start":{"line":28,"column":4},"end":{"line":28,"column":24}},"type":"if","locations":[{"start":{"line":28,"column":4},"end":{"line":28,"column":24}}]},"2":{"loc":{"start":{"line":39,"column":4},"end":{"line":39,"column":24}},"type":"if","locations":[{"start":{"line":39,"column":4},"end":{"line":39,"column":24}}]},"3":{"loc":{"start":{"line":51,"column":4},"end":{"line":51,"column":24}},"type":"if","locations":[{"start":{"line":51,"column":4},"end":{"line":51,"column":24}}]},"4":{"loc":{"start":{"line":61,"column":4},"end":{"line":66,"column":5}},"type":"if","locations":[{"start":{"line":61,"column":4},"end":{"line":66,"column":5}}]}},"s":{"0":2,"1":2,"2":1,"3":1,"4":2,"5":2,"6":2,"7":2,"8":1,"9":1,"10":2,"11":2,"12":1,"13":1,"14":2,"15":2,"16":2,"17":2,"18":1,"19":1,"20":1,"21":1,"22":2,"23":2,"24":2,"25":2,"26":1,"27":1,"28":1,"29":1,"30":2,"31":2,"32":2,"33":2,"34":1,"35":1,"36":1,"37":2,"38":8,"39":8,"40":4,"41":4,"42":4},"f":{"0":1,"1":2,"2":1,"3":2,"4":2,"5":2,"6":8},"b":{"0":[1],"1":[1],"2":[1],"3":[1],"4":[4]}}
,"D:\\CursoReact\\rest_api_node_ts_server\\src\\middleware\\index.ts": {"path":"D:\\CursoReact\\rest_api_node_ts_server\\src\\middleware\\index.ts","statementMap":{"0":{"start":{"line":2,"column":0},"end":{"line":2,"column":52}},"1":{"start":{"line":4,"column":33},"end":{"line":10,"column":1}},"2":{"start":{"line":5,"column":17},"end":{"line":5,"column":38}},"3":{"start":{"line":6,"column":4},"end":{"line":8,"column":5}},"4":{"start":{"line":7,"column":8},"end":{"line":7,"column":null}},"5":{"start":{"line":9,"column":4},"end":{"line":9,"column":null}},"6":{"start":{"line":4,"column":13},"end":{"line":4,"column":33}}},"fnMap":{"0":{"name":"(anonymous_0)","decl":{"start":{"line":4,"column":33},"end":{"line":4,"column":34}},"loc":{"start":{"line":4,"column":85},"end":{"line":10,"column":1}}}},"branchMap":{"0":{"loc":{"start":{"line":6,"column":4},"end":{"line":8,"column":5}},"type":"if","locations":[{"start":{"line":6,"column":4},"end":{"line":8,"column":5}}]}},"s":{"0":2,"1":2,"2":18,"3":18,"4":9,"5":9,"6":2},"f":{"0":18},"b":{"0":[9]}}
,"D:\\CursoReact\\rest_api_node_ts_server\\src\\models\\Product.model.ts": {"path":"D:\\CursoReact\\rest_api_node_ts_server\\src\\models\\Product.model.ts","statementMap":{"0":{"start":{"line":1,"column":0},"end":{"line":1,"column":79}},"1":{"start":{"line":6,"column":0},"end":{"line":22,"column":null}},"2":{"start":{"line":10,"column":12},"end":{"line":10,"column":null}},"3":{"start":{"line":15,"column":12},"end":{"line":15,"column":null}},"4":{"start":{"line":21,"column":12},"end":{"line":21,"column":null}},"5":{"start":{"line":6,"column":6},"end":{"line":22,"column":null}},"6":{"start":{"line":24,"column":0},"end":{"line":24,"column":null}}},"fnMap":{},"branchMap":{},"s":{"0":2,"1":2,"2":2,"3":2,"4":2,"5":2,"6":2},"f":{},"b":{}}
}
