TN:
SF:src\router.ts
FN:25,(anonymous_0)
FN:38,(anonymous_1)
FNF:2
FNH:2
FNDA:4,(anonymous_0)
FNDA:5,(anonymous_1)
DA:1,2
DA:2,2
DA:3,2
DA:4,2
DA:6,2
DA:9,2
DA:11,2
DA:18,2
DA:25,4
DA:30,2
DA:38,5
DA:45,2
DA:52,2
DA:59,2
LF:14
LH:14
BRF:0
BRH:0
end_of_record
TN:
SF:src\server.ts
FN:7,connectDB
FN:28,(anonymous_2)
FNF:2
FNH:2
FNDA:3,connectDB
FNDA:1,(anonymous_2)
DA:1,2
DA:2,2
DA:3,2
DA:4,2
DA:7,2
DA:8,3
DA:9,3
DA:10,1
DA:13,1
DA:14,1
DA:17,2
DA:20,2
DA:23,2
DA:25,2
DA:28,2
DA:29,1
DA:32,2
LF:17
LH:17
BRF:0
BRH:0
end_of_record
TN:
SF:src\config\db.ts
FNF:0
FNH:0
DA:1,2
DA:2,2
DA:4,2
DA:6,2
DA:11,2
LF:5
LH:5
BRF:0
BRH:0
end_of_record
TN:
SF:src\handlers\product.ts
FN:5,(anonymous_1)
FN:14,(anonymous_2)
FN:21,(anonymous_3)
FN:26,(anonymous_4)
FN:37,(anonymous_5)
FN:49,(anonymous_6)
FN:58,searchProduct
FNF:7
FNH:7
FNDA:1,(anonymous_1)
FNDA:2,(anonymous_2)
FNDA:1,(anonymous_3)
FNDA:2,(anonymous_4)
FNDA:2,(anonymous_5)
FNDA:2,(anonymous_6)
FNDA:8,searchProduct
DA:2,2
DA:5,2
DA:6,1
DA:11,1
DA:14,2
DA:15,2
DA:16,2
DA:18,1
DA:21,2
DA:22,1
DA:23,1
DA:26,2
DA:27,2
DA:28,2
DA:31,1
DA:32,1
DA:34,1
DA:37,2
DA:38,2
DA:39,2
DA:42,1
DA:44,1
DA:46,1
DA:49,2
DA:50,2
DA:51,2
DA:53,1
DA:55,1
DA:59,8
DA:61,8
DA:62,4
DA:65,4
DA:68,4
LF:33
LH:33
BRDA:16,0,0,1
BRDA:28,1,0,1
BRDA:39,2,0,1
BRDA:51,3,0,1
BRDA:61,4,0,4
BRF:5
BRH:5
end_of_record
TN:
SF:src\middleware\index.ts
FN:4,(anonymous_0)
FNF:1
FNH:1
FNDA:18,(anonymous_0)
DA:2,2
DA:4,2
DA:5,18
DA:6,18
DA:7,9
DA:9,9
LF:6
LH:6
BRDA:6,0,0,9
BRF:1
BRH:1
end_of_record
TN:
SF:src\models\Product.model.ts
FNF:0
FNH:0
DA:1,2
DA:6,2
DA:10,2
DA:15,2
DA:21,2
DA:24,2
LF:6
LH:6
BRF:0
BRH:0
end_of_record
